<?xml version="1.0" encoding="UTF-8"?>
<!-- Generated by org.testng.reporters.JUnitXMLReporter -->
<testsuite ignored="0" hostname="DESKTOP-M9K0K0L" failures="0" tests="7" name="Car loan" time="0.036" errors="0" timestamp="2024-01-03T11:23:37 IST">
  <testcase classname="rahul_shetty_testNg.day3" name="Web_login_car_loan" time="0.002"/>
  <testcase classname="rahul_shetty_testNg.day3" name="api_Login_car_loan" time="0.001"/>
  <testcase classname="rahul_shetty_testNg.day3" name="mobile_login_car_loan" time="0.002"/>
  <testcase classname="rahul_shetty_testNg.day3" name="mobile_login_car_loan1" time="0.001"/>
  <testcase classname="rahul_shetty_testNg.day3" name="mobile_login_car_loan2" time="0.001"/>
  <testcase classname="rahul_shetty_testNg.day3" name="mobile_login_car_loan3" time="0.002"/>
  <testcase classname="rahul_shetty_testNg.day3" name="mobile_login_car_loan4" time="0.004"/>
</testsuite> <!-- Car loan -->
