<?xml version="1.0" encoding="UTF-8"?>
<!-- Generated by org.testng.reporters.JUnitXMLReporter -->
<testsuite ignored="0" hostname="DESKTOP-M9K0K0L" failures="0" tests="4" name="Groupwise-smoke" time="0.089" errors="0" timestamp="2024-01-03T10:53:02 IST">
  <testcase classname="rahul_shetty_testNg.day6" name="dataProvider" time="0.008"/>
  <testcase classname="rahul_shetty_testNg.day6" name="dataProvider" time="0.001"/>
  <testcase classname="rahul_shetty_testNg.day6" name="dataProvider" time="0.002"/>
  <testcase classname="rahul_shetty_testNg.day6" name="parameterisation" time="0.002"/>
</testsuite> <!-- Groupwise-smoke -->
